{"/Users/davin/Desktop/Programming/node/api_demo/config/passport.js": {"path":"/Users/davin/Desktop/Programming/node/api_demo/config/passport.js","statementMap":{"0":{"start":{"line":1,"column":17},"end":{"line":1,"column":36}},"1":{"start":{"line":2,"column":17},"end":{"line":2,"column":36}},"2":{"start":{"line":3,"column":22},"end":{"line":3,"column":56}},"3":{"start":{"line":5,"column":13},"end":{"line":5,"column":35}},"4":{"start":{"line":7,"column":0},"end":{"line":27,"column":2}},"5":{"start":{"line":14,"column":6},"end":{"line":24,"column":21}},"6":{"start":{"line":16,"column":10},"end":{"line":20,"column":11}},"7":{"start":{"line":17,"column":12},"end":{"line":19,"column":15}},"8":{"start":{"line":22,"column":10},"end":{"line":22,"column":34}}},"fnMap":{"0":{"name":"(anonymous_0)","decl":{"start":{"line":13,"column":4},"end":{"line":13,"column":5}},"loc":{"start":{"line":13,"column":40},"end":{"line":25,"column":5}},"line":13},"1":{"name":"(anonymous_1)","decl":{"start":{"line":15,"column":14},"end":{"line":15,"column":15}},"loc":{"start":{"line":15,"column":30},"end":{"line":23,"column":9}},"line":15}},"branchMap":{"0":{"loc":{"start":{"line":16,"column":10},"end":{"line":20,"column":11}},"type":"if","locations":[{"start":{"line":16,"column":10},"end":{"line":20,"column":11}},{"start":{"line":16,"column":10},"end":{"line":20,"column":11}}],"line":16},"1":{"loc":{"start":{"line":16,"column":14},"end":{"line":16,"column":55}},"type":"binary-expr","locations":[{"start":{"line":16,"column":14},"end":{"line":16,"column":19}},{"start":{"line":16,"column":23},"end":{"line":16,"column":55}}],"line":16}},"s":{"0":3,"1":3,"2":3,"3":3,"4":3,"5":4,"6":4,"7":1,"8":3},"f":{"0":4,"1":4},"b":{"0":[1,3],"1":[4,4]},"_coverageSchema":"1a1c01bbd47fc00a2c39e90264f33305004495a9","hash":"c3df0a275da9a54112bae777a5befe559eb107d3"}
,"/Users/davin/Desktop/Programming/node/api_demo/models/Comment.js": {"path":"/Users/davin/Desktop/Programming/node/api_demo/models/Comment.js","statementMap":{"0":{"start":{"line":1,"column":17},"end":{"line":1,"column":36}},"1":{"start":{"line":2,"column":21},"end":{"line":2,"column":42}},"2":{"start":{"line":4,"column":20},"end":{"line":20,"column":1}},"3":{"start":{"line":22,"column":0},"end":{"line":27,"column":2}},"4":{"start":{"line":23,"column":2},"end":{"line":26,"column":4}},"5":{"start":{"line":29,"column":0},"end":{"line":29,"column":58}}},"fnMap":{"0":{"name":"(anonymous_0)","decl":{"start":{"line":22,"column":31},"end":{"line":22,"column":32}},"loc":{"start":{"line":22,"column":43},"end":{"line":27,"column":1}},"line":22}},"branchMap":{},"s":{"0":4,"1":4,"2":4,"3":4,"4":1,"5":4},"f":{"0":1},"b":{},"_coverageSchema":"1a1c01bbd47fc00a2c39e90264f33305004495a9","hash":"f699aa83f803d2db343086b60566be35f6f4c455"}
,"/Users/davin/Desktop/Programming/node/api_demo/models/Like.js": {"path":"/Users/davin/Desktop/Programming/node/api_demo/models/Like.js","statementMap":{"0":{"start":{"line":1,"column":17},"end":{"line":1,"column":36}},"1":{"start":{"line":2,"column":21},"end":{"line":2,"column":42}},"2":{"start":{"line":4,"column":17},"end":{"line":16,"column":1}},"3":{"start":{"line":18,"column":0},"end":{"line":18,"column":52}}},"fnMap":{},"branchMap":{},"s":{"0":4,"1":4,"2":4,"3":4},"f":{},"b":{},"_coverageSchema":"1a1c01bbd47fc00a2c39e90264f33305004495a9","hash":"d1f5ec97eee18f7ed6615a15ed68c31c16e31876"}
,"/Users/davin/Desktop/Programming/node/api_demo/models/Post.js": {"path":"/Users/davin/Desktop/Programming/node/api_demo/models/Post.js","statementMap":{"0":{"start":{"line":1,"column":17},"end":{"line":1,"column":36}},"1":{"start":{"line":2,"column":21},"end":{"line":2,"column":42}},"2":{"start":{"line":3,"column":24},"end":{"line":3,"column":60}},"3":{"start":{"line":4,"column":13},"end":{"line":4,"column":28}},"4":{"start":{"line":6,"column":19},"end":{"line":39,"column":1}},"5":{"start":{"line":41,"column":0},"end":{"line":41,"column":68}},"6":{"start":{"line":43,"column":0},"end":{"line":48,"column":3}},"7":{"start":{"line":44,"column":2},"end":{"line":46,"column":3}},"8":{"start":{"line":45,"column":4},"end":{"line":45,"column":19}},"9":{"start":{"line":47,"column":2},"end":{"line":47,"column":9}},"10":{"start":{"line":50,"column":0},"end":{"line":55,"column":2}},"11":{"start":{"line":51,"column":2},"end":{"line":54,"column":57}},"12":{"start":{"line":57,"column":0},"end":{"line":68,"column":2}},"13":{"start":{"line":58,"column":2},"end":{"line":67,"column":4}},"14":{"start":{"line":70,"column":0},"end":{"line":70,"column":52}}},"fnMap":{"0":{"name":"(anonymous_0)","decl":{"start":{"line":43,"column":27},"end":{"line":43,"column":28}},"loc":{"start":{"line":43,"column":43},"end":{"line":48,"column":1}},"line":43},"1":{"name":"(anonymous_1)","decl":{"start":{"line":50,"column":29},"end":{"line":50,"column":30}},"loc":{"start":{"line":50,"column":41},"end":{"line":55,"column":1}},"line":50},"2":{"name":"(anonymous_2)","decl":{"start":{"line":57,"column":28},"end":{"line":57,"column":29}},"loc":{"start":{"line":57,"column":40},"end":{"line":68,"column":1}},"line":57}},"branchMap":{"0":{"loc":{"start":{"line":44,"column":2},"end":{"line":46,"column":3}},"type":"if","locations":[{"start":{"line":44,"column":2},"end":{"line":46,"column":3}},{"start":{"line":44,"column":2},"end":{"line":46,"column":3}}],"line":44}},"s":{"0":4,"1":4,"2":4,"3":4,"4":4,"5":4,"6":4,"7":9,"8":4,"9":9,"10":4,"11":4,"12":4,"13":8,"14":4},"f":{"0":9,"1":4,"2":8},"b":{"0":[4,5]},"_coverageSchema":"1a1c01bbd47fc00a2c39e90264f33305004495a9","hash":"cca247e1f3f20e52e90485a6071a7b075d0d0f69"}
,"/Users/davin/Desktop/Programming/node/api_demo/models/User.js": {"path":"/Users/davin/Desktop/Programming/node/api_demo/models/User.js","statementMap":{"0":{"start":{"line":1,"column":17},"end":{"line":1,"column":36}},"1":{"start":{"line":2,"column":24},"end":{"line":2,"column":60}},"2":{"start":{"line":3,"column":15},"end":{"line":3,"column":32}},"3":{"start":{"line":4,"column":12},"end":{"line":4,"column":35}},"4":{"start":{"line":5,"column":21},"end":{"line":5,"column":42}},"5":{"start":{"line":7,"column":19},"end":{"line":28,"column":2}},"6":{"start":{"line":30,"column":0},"end":{"line":30,"column":69}},"7":{"start":{"line":32,"column":0},"end":{"line":37,"column":2}},"8":{"start":{"line":33,"column":2},"end":{"line":33,"column":53}},"9":{"start":{"line":34,"column":2},"end":{"line":36,"column":21}},"10":{"start":{"line":39,"column":0},"end":{"line":44,"column":2}},"11":{"start":{"line":40,"column":15},"end":{"line":42,"column":20}},"12":{"start":{"line":43,"column":2},"end":{"line":43,"column":27}},"13":{"start":{"line":46,"column":0},"end":{"line":59,"column":2}},"14":{"start":{"line":47,"column":16},"end":{"line":47,"column":26}},"15":{"start":{"line":48,"column":25},"end":{"line":48,"column":40}},"16":{"start":{"line":49,"column":2},"end":{"line":49,"column":47}},"17":{"start":{"line":51,"column":2},"end":{"line":58,"column":4}},"18":{"start":{"line":61,"column":0},"end":{"line":67,"column":2}},"19":{"start":{"line":62,"column":2},"end":{"line":66,"column":4}},"20":{"start":{"line":69,"column":0},"end":{"line":76,"column":2}},"21":{"start":{"line":70,"column":2},"end":{"line":75,"column":4}},"22":{"start":{"line":78,"column":0},"end":{"line":78,"column":52}}},"fnMap":{"0":{"name":"(anonymous_0)","decl":{"start":{"line":32,"column":33},"end":{"line":32,"column":34}},"loc":{"start":{"line":32,"column":53},"end":{"line":37,"column":1}},"line":32},"1":{"name":"(anonymous_1)","decl":{"start":{"line":39,"column":38},"end":{"line":39,"column":39}},"loc":{"start":{"line":39,"column":58},"end":{"line":44,"column":1}},"line":39},"2":{"name":"(anonymous_2)","decl":{"start":{"line":46,"column":33},"end":{"line":46,"column":34}},"loc":{"start":{"line":46,"column":45},"end":{"line":59,"column":1}},"line":46},"3":{"name":"(anonymous_3)","decl":{"start":{"line":61,"column":32},"end":{"line":61,"column":33}},"loc":{"start":{"line":61,"column":44},"end":{"line":67,"column":1}},"line":61},"4":{"name":"(anonymous_4)","decl":{"start":{"line":69,"column":28},"end":{"line":69,"column":29}},"loc":{"start":{"line":69,"column":40},"end":{"line":76,"column":1}},"line":69}},"branchMap":{},"s":{"0":5,"1":5,"2":5,"3":5,"4":5,"5":5,"6":5,"7":5,"8":6,"9":6,"10":5,"11":4,"12":4,"13":5,"14":7,"15":7,"16":7,"17":7,"18":5,"19":4,"20":5,"21":13,"22":5},"f":{"0":6,"1":4,"2":7,"3":4,"4":13},"b":{},"_coverageSchema":"1a1c01bbd47fc00a2c39e90264f33305004495a9","hash":"52dff01a2ce2b489f96fa9d8bb6e9d75d6e29e2e"}
,"/Users/davin/Desktop/Programming/node/api_demo/routes/auth.js": {"path":"/Users/davin/Desktop/Programming/node/api_demo/routes/auth.js","statementMap":{"0":{"start":{"line":1,"column":12},"end":{"line":1,"column":34}},"1":{"start":{"line":3,"column":28},"end":{"line":12,"column":1}},"2":{"start":{"line":6,"column":6},"end":{"line":6,"column":9}},"3":{"start":{"line":8,"column":2},"end":{"line":10,"column":3}},"4":{"start":{"line":9,"column":4},"end":{"line":9,"column":39}},"5":{"start":{"line":11,"column":2},"end":{"line":11,"column":14}},"6":{"start":{"line":14,"column":13},"end":{"line":28,"column":1}},"7":{"start":{"line":30,"column":0},"end":{"line":30,"column":22}}},"fnMap":{"0":{"name":"(anonymous_0)","decl":{"start":{"line":3,"column":28},"end":{"line":3,"column":29}},"loc":{"start":{"line":3,"column":37},"end":{"line":12,"column":1}},"line":3}},"branchMap":{"0":{"loc":{"start":{"line":8,"column":2},"end":{"line":10,"column":3}},"type":"if","locations":[{"start":{"line":8,"column":2},"end":{"line":10,"column":3}},{"start":{"line":8,"column":2},"end":{"line":10,"column":3}}],"line":8},"1":{"loc":{"start":{"line":8,"column":6},"end":{"line":8,"column":62}},"type":"binary-expr","locations":[{"start":{"line":8,"column":6},"end":{"line":8,"column":19}},{"start":{"line":8,"column":23},"end":{"line":8,"column":62}}],"line":8}},"s":{"0":3,"1":3,"2":20,"3":20,"4":10,"5":10,"6":3,"7":3},"f":{"0":20},"b":{"0":[10,10],"1":[20,10]},"_coverageSchema":"1a1c01bbd47fc00a2c39e90264f33305004495a9","hash":"ffcb292b8e7a173d8f7f6e3fc1d1d0d98405baef"}
,"/Users/davin/Desktop/Programming/node/api_demo/routes/index.js": {"path":"/Users/davin/Desktop/Programming/node/api_demo/routes/index.js","statementMap":{"0":{"start":{"line":1,"column":16},"end":{"line":1,"column":34}},"1":{"start":{"line":2,"column":15},"end":{"line":2,"column":31}},"2":{"start":{"line":4,"column":0},"end":{"line":4,"column":37}},"3":{"start":{"line":6,"column":0},"end":{"line":6,"column":24}}},"fnMap":{},"branchMap":{},"s":{"0":3,"1":3,"2":3,"3":3},"f":{},"b":{},"_coverageSchema":"1a1c01bbd47fc00a2c39e90264f33305004495a9","hash":"8ec260a033af9eaf73f9efdfe270593ca4fd30d8"}
,"/Users/davin/Desktop/Programming/node/api_demo/routes/api/auth.js": {"path":"/Users/davin/Desktop/Programming/node/api_demo/routes/api/auth.js","statementMap":{"0":{"start":{"line":1,"column":17},"end":{"line":1,"column":36}},"1":{"start":{"line":2,"column":17},"end":{"line":2,"column":36}},"2":{"start":{"line":3,"column":15},"end":{"line":3,"column":42}},"3":{"start":{"line":4,"column":13},"end":{"line":4,"column":31}},"4":{"start":{"line":5,"column":13},"end":{"line":5,"column":35}},"5":{"start":{"line":8,"column":0},"end":{"line":41,"column":3}},"6":{"start":{"line":9,"column":29},"end":{"line":9,"column":32}},"7":{"start":{"line":11,"column":2},"end":{"line":17,"column":3}},"8":{"start":{"line":12,"column":4},"end":{"line":16,"column":6}},"9":{"start":{"line":19,"column":2},"end":{"line":25,"column":3}},"10":{"start":{"line":20,"column":4},"end":{"line":24,"column":6}},"11":{"start":{"line":27,"column":2},"end":{"line":33,"column":3}},"12":{"start":{"line":28,"column":4},"end":{"line":32,"column":6}},"13":{"start":{"line":35,"column":20},"end":{"line":35,"column":34}},"14":{"start":{"line":37,"column":2},"end":{"line":37,"column":39}},"15":{"start":{"line":39,"column":2},"end":{"line":40,"column":60}},"16":{"start":{"line":40,"column":16},"end":{"line":40,"column":58}},"17":{"start":{"line":44,"column":0},"end":{"line":74,"column":3}},"18":{"start":{"line":45,"column":29},"end":{"line":45,"column":32}},"19":{"start":{"line":47,"column":2},"end":{"line":53,"column":3}},"20":{"start":{"line":48,"column":4},"end":{"line":52,"column":6}},"21":{"start":{"line":55,"column":2},"end":{"line":61,"column":3}},"22":{"start":{"line":56,"column":4},"end":{"line":60,"column":6}},"23":{"start":{"line":63,"column":2},"end":{"line":73,"column":21}},"24":{"start":{"line":64,"column":4},"end":{"line":66,"column":5}},"25":{"start":{"line":65,"column":6},"end":{"line":65,"column":23}},"26":{"start":{"line":68,"column":4},"end":{"line":71,"column":5}},"27":{"start":{"line":69,"column":6},"end":{"line":69,"column":38}},"28":{"start":{"line":70,"column":6},"end":{"line":70,"column":51}},"29":{"start":{"line":72,"column":4},"end":{"line":72,"column":38}},"30":{"start":{"line":77,"column":0},"end":{"line":89,"column":3}},"31":{"start":{"line":78,"column":30},"end":{"line":78,"column":33}},"32":{"start":{"line":80,"column":2},"end":{"line":88,"column":16}},"33":{"start":{"line":82,"column":6},"end":{"line":84,"column":7}},"34":{"start":{"line":83,"column":8},"end":{"line":83,"column":35}},"35":{"start":{"line":86,"column":6},"end":{"line":86,"column":51}},"36":{"start":{"line":91,"column":0},"end":{"line":91,"column":24}}},"fnMap":{"0":{"name":"(anonymous_0)","decl":{"start":{"line":8,"column":38},"end":{"line":8,"column":39}},"loc":{"start":{"line":8,"column":57},"end":{"line":41,"column":1}},"line":8},"1":{"name":"(anonymous_1)","decl":{"start":{"line":40,"column":10},"end":{"line":40,"column":11}},"loc":{"start":{"line":40,"column":16},"end":{"line":40,"column":58}},"line":40},"2":{"name":"(anonymous_2)","decl":{"start":{"line":44,"column":37},"end":{"line":44,"column":38}},"loc":{"start":{"line":44,"column":57},"end":{"line":74,"column":1}},"line":44},"3":{"name":"(anonymous_3)","decl":{"start":{"line":63,"column":60},"end":{"line":63,"column":61}},"loc":{"start":{"line":63,"column":81},"end":{"line":73,"column":3}},"line":63},"4":{"name":"(anonymous_4)","decl":{"start":{"line":77,"column":38},"end":{"line":77,"column":39}},"loc":{"start":{"line":77,"column":58},"end":{"line":89,"column":1}},"line":77},"5":{"name":"(anonymous_5)","decl":{"start":{"line":81,"column":10},"end":{"line":81,"column":11}},"loc":{"start":{"line":81,"column":20},"end":{"line":87,"column":5}},"line":81}},"branchMap":{"0":{"loc":{"start":{"line":11,"column":2},"end":{"line":17,"column":3}},"type":"if","locations":[{"start":{"line":11,"column":2},"end":{"line":17,"column":3}},{"start":{"line":11,"column":2},"end":{"line":17,"column":3}}],"line":11},"1":{"loc":{"start":{"line":19,"column":2},"end":{"line":25,"column":3}},"type":"if","locations":[{"start":{"line":19,"column":2},"end":{"line":25,"column":3}},{"start":{"line":19,"column":2},"end":{"line":25,"column":3}}],"line":19},"2":{"loc":{"start":{"line":27,"column":2},"end":{"line":33,"column":3}},"type":"if","locations":[{"start":{"line":27,"column":2},"end":{"line":33,"column":3}},{"start":{"line":27,"column":2},"end":{"line":33,"column":3}}],"line":27},"3":{"loc":{"start":{"line":47,"column":2},"end":{"line":53,"column":3}},"type":"if","locations":[{"start":{"line":47,"column":2},"end":{"line":53,"column":3}},{"start":{"line":47,"column":2},"end":{"line":53,"column":3}}],"line":47},"4":{"loc":{"start":{"line":55,"column":2},"end":{"line":61,"column":3}},"type":"if","locations":[{"start":{"line":55,"column":2},"end":{"line":61,"column":3}},{"start":{"line":55,"column":2},"end":{"line":61,"column":3}}],"line":55},"5":{"loc":{"start":{"line":64,"column":4},"end":{"line":66,"column":5}},"type":"if","locations":[{"start":{"line":64,"column":4},"end":{"line":66,"column":5}},{"start":{"line":64,"column":4},"end":{"line":66,"column":5}}],"line":64},"6":{"loc":{"start":{"line":68,"column":4},"end":{"line":71,"column":5}},"type":"if","locations":[{"start":{"line":68,"column":4},"end":{"line":71,"column":5}},{"start":{"line":68,"column":4},"end":{"line":71,"column":5}}],"line":68},"7":{"loc":{"start":{"line":82,"column":6},"end":{"line":84,"column":7}},"type":"if","locations":[{"start":{"line":82,"column":6},"end":{"line":84,"column":7}},{"start":{"line":82,"column":6},"end":{"line":84,"column":7}}],"line":82}},"s":{"0":3,"1":3,"2":3,"3":3,"4":3,"5":3,"6":2,"7":2,"8":0,"9":2,"10":0,"11":2,"12":1,"13":1,"14":1,"15":1,"16":1,"17":3,"18":4,"19":4,"20":0,"21":4,"22":0,"23":4,"24":4,"25":0,"26":4,"27":3,"28":3,"29":1,"30":3,"31":0,"32":0,"33":0,"34":0,"35":0,"36":3},"f":{"0":2,"1":1,"2":4,"3":4,"4":0,"5":0},"b":{"0":[0,2],"1":[0,2],"2":[1,1],"3":[0,4],"4":[0,4],"5":[0,4],"6":[3,1],"7":[0,0]},"_coverageSchema":"1a1c01bbd47fc00a2c39e90264f33305004495a9","hash":"110b700073e209ee8de2dbe75ea435993cd4e552"}
,"/Users/davin/Desktop/Programming/node/api_demo/routes/api/index.js": {"path":"/Users/davin/Desktop/Programming/node/api_demo/routes/api/index.js","statementMap":{"0":{"start":{"line":1,"column":16},"end":{"line":1,"column":34}},"1":{"start":{"line":2,"column":15},"end":{"line":2,"column":31}},"2":{"start":{"line":4,"column":0},"end":{"line":4,"column":39}},"3":{"start":{"line":5,"column":0},"end":{"line":5,"column":41}},"4":{"start":{"line":6,"column":0},"end":{"line":6,"column":41}},"5":{"start":{"line":8,"column":0},"end":{"line":8,"column":24}}},"fnMap":{},"branchMap":{},"s":{"0":3,"1":3,"2":3,"3":3,"4":3,"5":3},"f":{},"b":{},"_coverageSchema":"1a1c01bbd47fc00a2c39e90264f33305004495a9","hash":"d5c3b6eb9ee50ab986a495827f0efebe73b17c50"}
,"/Users/davin/Desktop/Programming/node/api_demo/routes/api/posts.js": {"path":"/Users/davin/Desktop/Programming/node/api_demo/routes/api/posts.js","statementMap":{"0":{"start":{"line":1,"column":17},"end":{"line":1,"column":36}},"1":{"start":{"line":2,"column":15},"end":{"line":2,"column":42}},"2":{"start":{"line":3,"column":13},"end":{"line":3,"column":31}},"3":{"start":{"line":4,"column":13},"end":{"line":4,"column":35}},"4":{"start":{"line":5,"column":16},"end":{"line":5,"column":41}},"5":{"start":{"line":6,"column":13},"end":{"line":6,"column":35}},"6":{"start":{"line":9,"column":0},"end":{"line":19,"column":3}},"7":{"start":{"line":10,"column":2},"end":{"line":18,"column":17}},"8":{"start":{"line":13,"column":6},"end":{"line":13,"column":44}},"9":{"start":{"line":13,"column":17},"end":{"line":13,"column":44}},"10":{"start":{"line":14,"column":6},"end":{"line":14,"column":22}},"11":{"start":{"line":16,"column":6},"end":{"line":16,"column":20}},"12":{"start":{"line":22,"column":0},"end":{"line":32,"column":3}},"13":{"start":{"line":23,"column":2},"end":{"line":31,"column":17}},"14":{"start":{"line":25,"column":6},"end":{"line":25,"column":47}},"15":{"start":{"line":25,"column":20},"end":{"line":25,"column":47}},"16":{"start":{"line":27,"column":6},"end":{"line":27,"column":28}},"17":{"start":{"line":29,"column":6},"end":{"line":29,"column":20}},"18":{"start":{"line":35,"column":0},"end":{"line":45,"column":3}},"19":{"start":{"line":36,"column":2},"end":{"line":44,"column":17}},"20":{"start":{"line":40,"column":6},"end":{"line":42,"column":9}},"21":{"start":{"line":41,"column":35},"end":{"line":41,"column":48}},"22":{"start":{"line":48,"column":0},"end":{"line":63,"column":3}},"23":{"start":{"line":49,"column":2},"end":{"line":62,"column":17}},"24":{"start":{"line":51,"column":6},"end":{"line":51,"column":44}},"25":{"start":{"line":51,"column":17},"end":{"line":51,"column":44}},"26":{"start":{"line":53,"column":6},"end":{"line":60,"column":11}},"27":{"start":{"line":57,"column":10},"end":{"line":59,"column":13}},"28":{"start":{"line":58,"column":39},"end":{"line":58,"column":52}},"29":{"start":{"line":66,"column":0},"end":{"line":78,"column":3}},"30":{"start":{"line":67,"column":2},"end":{"line":77,"column":17}},"31":{"start":{"line":69,"column":6},"end":{"line":69,"column":44}},"32":{"start":{"line":69,"column":17},"end":{"line":69,"column":44}},"33":{"start":{"line":71,"column":19},"end":{"line":71,"column":42}},"34":{"start":{"line":72,"column":6},"end":{"line":72,"column":25}},"35":{"start":{"line":73,"column":6},"end":{"line":75,"column":9}},"36":{"start":{"line":74,"column":8},"end":{"line":74,"column":54}},"37":{"start":{"line":81,"column":0},"end":{"line":85,"column":3}},"38":{"start":{"line":82,"column":2},"end":{"line":84,"column":5}},"39":{"start":{"line":88,"column":0},"end":{"line":109,"column":3}},"40":{"start":{"line":89,"column":2},"end":{"line":108,"column":17}},"41":{"start":{"line":91,"column":6},"end":{"line":91,"column":44}},"42":{"start":{"line":91,"column":17},"end":{"line":91,"column":44}},"43":{"start":{"line":93,"column":6},"end":{"line":106,"column":7}},"44":{"start":{"line":94,"column":8},"end":{"line":96,"column":9}},"45":{"start":{"line":95,"column":10},"end":{"line":95,"column":47}},"46":{"start":{"line":97,"column":8},"end":{"line":99,"column":9}},"47":{"start":{"line":98,"column":10},"end":{"line":98,"column":45}},"48":{"start":{"line":101,"column":8},"end":{"line":103,"column":11}},"49":{"start":{"line":102,"column":10},"end":{"line":102,"column":51}},"50":{"start":{"line":105,"column":8},"end":{"line":105,"column":35}},"51":{"start":{"line":112,"column":0},"end":{"line":126,"column":3}},"52":{"start":{"line":113,"column":2},"end":{"line":125,"column":17}},"53":{"start":{"line":115,"column":6},"end":{"line":115,"column":44}},"54":{"start":{"line":115,"column":17},"end":{"line":115,"column":44}},"55":{"start":{"line":117,"column":6},"end":{"line":123,"column":7}},"56":{"start":{"line":118,"column":8},"end":{"line":120,"column":11}},"57":{"start":{"line":119,"column":10},"end":{"line":119,"column":37}},"58":{"start":{"line":122,"column":8},"end":{"line":122,"column":35}},"59":{"start":{"line":129,"column":0},"end":{"line":141,"column":3}},"60":{"start":{"line":130,"column":2},"end":{"line":140,"column":17}},"61":{"start":{"line":132,"column":6},"end":{"line":132,"column":44}},"62":{"start":{"line":132,"column":17},"end":{"line":132,"column":44}},"63":{"start":{"line":134,"column":6},"end":{"line":134,"column":46}},"64":{"start":{"line":136,"column":6},"end":{"line":138,"column":9}},"65":{"start":{"line":137,"column":8},"end":{"line":137,"column":49}},"66":{"start":{"line":144,"column":0},"end":{"line":158,"column":3}},"67":{"start":{"line":145,"column":2},"end":{"line":157,"column":17}},"68":{"start":{"line":147,"column":6},"end":{"line":147,"column":44}},"69":{"start":{"line":147,"column":17},"end":{"line":147,"column":44}},"70":{"start":{"line":149,"column":6},"end":{"line":151,"column":7}},"71":{"start":{"line":150,"column":8},"end":{"line":150,"column":46}},"72":{"start":{"line":153,"column":6},"end":{"line":155,"column":9}},"73":{"start":{"line":154,"column":8},"end":{"line":154,"column":49}},"74":{"start":{"line":161,"column":0},"end":{"line":181,"column":3}},"75":{"start":{"line":162,"column":2},"end":{"line":180,"column":17}},"76":{"start":{"line":176,"column":6},"end":{"line":178,"column":9}},"77":{"start":{"line":177,"column":53},"end":{"line":177,"column":69}},"78":{"start":{"line":184,"column":0},"end":{"line":202,"column":3}},"79":{"start":{"line":185,"column":2},"end":{"line":201,"column":17}},"80":{"start":{"line":187,"column":6},"end":{"line":187,"column":44}},"81":{"start":{"line":187,"column":17},"end":{"line":187,"column":44}},"82":{"start":{"line":189,"column":20},"end":{"line":189,"column":49}},"83":{"start":{"line":190,"column":6},"end":{"line":190,"column":28}},"84":{"start":{"line":191,"column":6},"end":{"line":191,"column":30}},"85":{"start":{"line":193,"column":6},"end":{"line":199,"column":9}},"86":{"start":{"line":194,"column":8},"end":{"line":194,"column":40}},"87":{"start":{"line":196,"column":8},"end":{"line":198,"column":11}},"88":{"start":{"line":197,"column":10},"end":{"line":197,"column":54}},"89":{"start":{"line":205,"column":0},"end":{"line":224,"column":3}},"90":{"start":{"line":206,"column":2},"end":{"line":223,"column":17}},"91":{"start":{"line":208,"column":6},"end":{"line":208,"column":44}},"92":{"start":{"line":208,"column":17},"end":{"line":208,"column":44}},"93":{"start":{"line":210,"column":6},"end":{"line":221,"column":7}},"94":{"start":{"line":211,"column":8},"end":{"line":211,"column":50}},"95":{"start":{"line":213,"column":8},"end":{"line":218,"column":13}},"96":{"start":{"line":217,"column":12},"end":{"line":217,"column":44}},"97":{"start":{"line":220,"column":8},"end":{"line":220,"column":28}},"98":{"start":{"line":226,"column":0},"end":{"line":226,"column":24}}},"fnMap":{"0":{"name":"(anonymous_0)","decl":{"start":{"line":9,"column":21},"end":{"line":9,"column":22}},"loc":{"start":{"line":9,"column":47},"end":{"line":19,"column":1}},"line":9},"1":{"name":"(anonymous_1)","decl":{"start":{"line":12,"column":10},"end":{"line":12,"column":11}},"loc":{"start":{"line":12,"column":20},"end":{"line":17,"column":5}},"line":12},"2":{"name":"(anonymous_2)","decl":{"start":{"line":22,"column":24},"end":{"line":22,"column":25}},"loc":{"start":{"line":22,"column":48},"end":{"line":32,"column":1}},"line":22},"3":{"name":"(anonymous_3)","decl":{"start":{"line":24,"column":10},"end":{"line":24,"column":11}},"loc":{"start":{"line":24,"column":23},"end":{"line":30,"column":5}},"line":24},"4":{"name":"(anonymous_4)","decl":{"start":{"line":35,"column":31},"end":{"line":35,"column":32}},"loc":{"start":{"line":35,"column":51},"end":{"line":45,"column":1}},"line":35},"5":{"name":"(anonymous_5)","decl":{"start":{"line":39,"column":10},"end":{"line":39,"column":11}},"loc":{"start":{"line":39,"column":21},"end":{"line":43,"column":5}},"line":39},"6":{"name":"(anonymous_6)","decl":{"start":{"line":41,"column":25},"end":{"line":41,"column":26}},"loc":{"start":{"line":41,"column":35},"end":{"line":41,"column":48}},"line":41},"7":{"name":"(anonymous_7)","decl":{"start":{"line":48,"column":35},"end":{"line":48,"column":36}},"loc":{"start":{"line":48,"column":55},"end":{"line":63,"column":1}},"line":48},"8":{"name":"(anonymous_8)","decl":{"start":{"line":50,"column":10},"end":{"line":50,"column":11}},"loc":{"start":{"line":50,"column":20},"end":{"line":61,"column":5}},"line":50},"9":{"name":"(anonymous_9)","decl":{"start":{"line":56,"column":14},"end":{"line":56,"column":15}},"loc":{"start":{"line":56,"column":25},"end":{"line":60,"column":9}},"line":56},"10":{"name":"(anonymous_10)","decl":{"start":{"line":58,"column":29},"end":{"line":58,"column":30}},"loc":{"start":{"line":58,"column":39},"end":{"line":58,"column":52}},"line":58},"11":{"name":"(anonymous_11)","decl":{"start":{"line":66,"column":38},"end":{"line":66,"column":39}},"loc":{"start":{"line":66,"column":58},"end":{"line":78,"column":1}},"line":66},"12":{"name":"(anonymous_12)","decl":{"start":{"line":68,"column":10},"end":{"line":68,"column":11}},"loc":{"start":{"line":68,"column":20},"end":{"line":76,"column":5}},"line":68},"13":{"name":"(anonymous_13)","decl":{"start":{"line":73,"column":23},"end":{"line":73,"column":24}},"loc":{"start":{"line":73,"column":33},"end":{"line":75,"column":7}},"line":73},"14":{"name":"(anonymous_14)","decl":{"start":{"line":81,"column":36},"end":{"line":81,"column":37}},"loc":{"start":{"line":81,"column":56},"end":{"line":85,"column":1}},"line":81},"15":{"name":"(anonymous_15)","decl":{"start":{"line":88,"column":36},"end":{"line":88,"column":37}},"loc":{"start":{"line":88,"column":56},"end":{"line":109,"column":1}},"line":88},"16":{"name":"(anonymous_16)","decl":{"start":{"line":90,"column":10},"end":{"line":90,"column":11}},"loc":{"start":{"line":90,"column":20},"end":{"line":107,"column":5}},"line":90},"17":{"name":"(anonymous_17)","decl":{"start":{"line":101,"column":29},"end":{"line":101,"column":30}},"loc":{"start":{"line":101,"column":39},"end":{"line":103,"column":9}},"line":101},"18":{"name":"(anonymous_18)","decl":{"start":{"line":112,"column":39},"end":{"line":112,"column":40}},"loc":{"start":{"line":112,"column":59},"end":{"line":126,"column":1}},"line":112},"19":{"name":"(anonymous_19)","decl":{"start":{"line":114,"column":10},"end":{"line":114,"column":11}},"loc":{"start":{"line":114,"column":20},"end":{"line":124,"column":5}},"line":114},"20":{"name":"(anonymous_20)","decl":{"start":{"line":118,"column":31},"end":{"line":118,"column":32}},"loc":{"start":{"line":118,"column":37},"end":{"line":120,"column":9}},"line":118},"21":{"name":"(anonymous_21)","decl":{"start":{"line":129,"column":42},"end":{"line":129,"column":43}},"loc":{"start":{"line":129,"column":62},"end":{"line":141,"column":1}},"line":129},"22":{"name":"(anonymous_22)","decl":{"start":{"line":131,"column":10},"end":{"line":131,"column":11}},"loc":{"start":{"line":131,"column":20},"end":{"line":139,"column":5}},"line":131},"23":{"name":"(anonymous_23)","decl":{"start":{"line":136,"column":27},"end":{"line":136,"column":28}},"loc":{"start":{"line":136,"column":37},"end":{"line":138,"column":7}},"line":136},"24":{"name":"(anonymous_24)","decl":{"start":{"line":144,"column":44},"end":{"line":144,"column":45}},"loc":{"start":{"line":144,"column":64},"end":{"line":158,"column":1}},"line":144},"25":{"name":"(anonymous_25)","decl":{"start":{"line":146,"column":10},"end":{"line":146,"column":11}},"loc":{"start":{"line":146,"column":20},"end":{"line":156,"column":5}},"line":146},"26":{"name":"(anonymous_26)","decl":{"start":{"line":153,"column":27},"end":{"line":153,"column":28}},"loc":{"start":{"line":153,"column":37},"end":{"line":155,"column":7}},"line":153},"27":{"name":"(anonymous_27)","decl":{"start":{"line":161,"column":45},"end":{"line":161,"column":46}},"loc":{"start":{"line":161,"column":65},"end":{"line":181,"column":1}},"line":161},"28":{"name":"(anonymous_28)","decl":{"start":{"line":175,"column":10},"end":{"line":175,"column":11}},"loc":{"start":{"line":175,"column":20},"end":{"line":179,"column":5}},"line":175},"29":{"name":"(anonymous_29)","decl":{"start":{"line":177,"column":40},"end":{"line":177,"column":41}},"loc":{"start":{"line":177,"column":53},"end":{"line":177,"column":69}},"line":177},"30":{"name":"(anonymous_30)","decl":{"start":{"line":184,"column":46},"end":{"line":184,"column":47}},"loc":{"start":{"line":184,"column":66},"end":{"line":202,"column":1}},"line":184},"31":{"name":"(anonymous_31)","decl":{"start":{"line":186,"column":10},"end":{"line":186,"column":11}},"loc":{"start":{"line":186,"column":20},"end":{"line":200,"column":5}},"line":186},"32":{"name":"(anonymous_32)","decl":{"start":{"line":193,"column":33},"end":{"line":193,"column":34}},"loc":{"start":{"line":193,"column":39},"end":{"line":199,"column":7}},"line":193},"33":{"name":"(anonymous_33)","decl":{"start":{"line":196,"column":36},"end":{"line":196,"column":37}},"loc":{"start":{"line":196,"column":46},"end":{"line":198,"column":9}},"line":196},"34":{"name":"(anonymous_34)","decl":{"start":{"line":205,"column":57},"end":{"line":205,"column":58}},"loc":{"start":{"line":205,"column":77},"end":{"line":224,"column":1}},"line":205},"35":{"name":"(anonymous_35)","decl":{"start":{"line":207,"column":10},"end":{"line":207,"column":11}},"loc":{"start":{"line":207,"column":20},"end":{"line":222,"column":5}},"line":207},"36":{"name":"(anonymous_36)","decl":{"start":{"line":216,"column":16},"end":{"line":216,"column":17}},"loc":{"start":{"line":216,"column":26},"end":{"line":218,"column":11}},"line":216}},"branchMap":{"0":{"loc":{"start":{"line":13,"column":6},"end":{"line":13,"column":44}},"type":"if","locations":[{"start":{"line":13,"column":6},"end":{"line":13,"column":44}},{"start":{"line":13,"column":6},"end":{"line":13,"column":44}}],"line":13},"1":{"loc":{"start":{"line":25,"column":6},"end":{"line":25,"column":47}},"type":"if","locations":[{"start":{"line":25,"column":6},"end":{"line":25,"column":47}},{"start":{"line":25,"column":6},"end":{"line":25,"column":47}}],"line":25},"2":{"loc":{"start":{"line":51,"column":6},"end":{"line":51,"column":44}},"type":"if","locations":[{"start":{"line":51,"column":6},"end":{"line":51,"column":44}},{"start":{"line":51,"column":6},"end":{"line":51,"column":44}}],"line":51},"3":{"loc":{"start":{"line":69,"column":6},"end":{"line":69,"column":44}},"type":"if","locations":[{"start":{"line":69,"column":6},"end":{"line":69,"column":44}},{"start":{"line":69,"column":6},"end":{"line":69,"column":44}}],"line":69},"4":{"loc":{"start":{"line":91,"column":6},"end":{"line":91,"column":44}},"type":"if","locations":[{"start":{"line":91,"column":6},"end":{"line":91,"column":44}},{"start":{"line":91,"column":6},"end":{"line":91,"column":44}}],"line":91},"5":{"loc":{"start":{"line":93,"column":6},"end":{"line":106,"column":7}},"type":"if","locations":[{"start":{"line":93,"column":6},"end":{"line":106,"column":7}},{"start":{"line":93,"column":6},"end":{"line":106,"column":7}}],"line":93},"6":{"loc":{"start":{"line":94,"column":8},"end":{"line":96,"column":9}},"type":"if","locations":[{"start":{"line":94,"column":8},"end":{"line":96,"column":9}},{"start":{"line":94,"column":8},"end":{"line":96,"column":9}}],"line":94},"7":{"loc":{"start":{"line":97,"column":8},"end":{"line":99,"column":9}},"type":"if","locations":[{"start":{"line":97,"column":8},"end":{"line":99,"column":9}},{"start":{"line":97,"column":8},"end":{"line":99,"column":9}}],"line":97},"8":{"loc":{"start":{"line":115,"column":6},"end":{"line":115,"column":44}},"type":"if","locations":[{"start":{"line":115,"column":6},"end":{"line":115,"column":44}},{"start":{"line":115,"column":6},"end":{"line":115,"column":44}}],"line":115},"9":{"loc":{"start":{"line":117,"column":6},"end":{"line":123,"column":7}},"type":"if","locations":[{"start":{"line":117,"column":6},"end":{"line":123,"column":7}},{"start":{"line":117,"column":6},"end":{"line":123,"column":7}}],"line":117},"10":{"loc":{"start":{"line":132,"column":6},"end":{"line":132,"column":44}},"type":"if","locations":[{"start":{"line":132,"column":6},"end":{"line":132,"column":44}},{"start":{"line":132,"column":6},"end":{"line":132,"column":44}}],"line":132},"11":{"loc":{"start":{"line":147,"column":6},"end":{"line":147,"column":44}},"type":"if","locations":[{"start":{"line":147,"column":6},"end":{"line":147,"column":44}},{"start":{"line":147,"column":6},"end":{"line":147,"column":44}}],"line":147},"12":{"loc":{"start":{"line":149,"column":6},"end":{"line":151,"column":7}},"type":"if","locations":[{"start":{"line":149,"column":6},"end":{"line":151,"column":7}},{"start":{"line":149,"column":6},"end":{"line":151,"column":7}}],"line":149},"13":{"loc":{"start":{"line":187,"column":6},"end":{"line":187,"column":44}},"type":"if","locations":[{"start":{"line":187,"column":6},"end":{"line":187,"column":44}},{"start":{"line":187,"column":6},"end":{"line":187,"column":44}}],"line":187},"14":{"loc":{"start":{"line":208,"column":6},"end":{"line":208,"column":44}},"type":"if","locations":[{"start":{"line":208,"column":6},"end":{"line":208,"column":44}},{"start":{"line":208,"column":6},"end":{"line":208,"column":44}}],"line":208},"15":{"loc":{"start":{"line":210,"column":6},"end":{"line":221,"column":7}},"type":"if","locations":[{"start":{"line":210,"column":6},"end":{"line":221,"column":7}},{"start":{"line":210,"column":6},"end":{"line":221,"column":7}}],"line":210}},"s":{"0":3,"1":3,"2":3,"3":3,"4":3,"5":3,"6":3,"7":8,"8":8,"9":0,"10":8,"11":8,"12":3,"13":1,"14":1,"15":0,"16":1,"17":1,"18":3,"19":1,"20":1,"21":1,"22":3,"23":1,"24":1,"25":0,"26":1,"27":1,"28":0,"29":3,"30":1,"31":1,"32":0,"33":1,"34":1,"35":1,"36":1,"37":3,"38":1,"39":3,"40":1,"41":1,"42":0,"43":1,"44":1,"45":1,"46":1,"47":1,"48":1,"49":1,"50":0,"51":3,"52":1,"53":1,"54":0,"55":1,"56":1,"57":1,"58":0,"59":3,"60":1,"61":1,"62":0,"63":1,"64":1,"65":1,"66":3,"67":1,"68":1,"69":0,"70":1,"71":1,"72":1,"73":1,"74":3,"75":1,"76":1,"77":1,"78":3,"79":1,"80":1,"81":0,"82":1,"83":1,"84":1,"85":1,"86":1,"87":1,"88":1,"89":3,"90":1,"91":1,"92":0,"93":1,"94":1,"95":1,"96":1,"97":0,"98":3},"f":{"0":8,"1":8,"2":1,"3":1,"4":1,"5":1,"6":1,"7":1,"8":1,"9":1,"10":0,"11":1,"12":1,"13":1,"14":1,"15":1,"16":1,"17":1,"18":1,"19":1,"20":1,"21":1,"22":1,"23":1,"24":1,"25":1,"26":1,"27":1,"28":1,"29":1,"30":1,"31":1,"32":1,"33":1,"34":1,"35":1,"36":1},"b":{"0":[0,8],"1":[0,1],"2":[0,1],"3":[0,1],"4":[0,1],"5":[1,0],"6":[1,0],"7":[1,0],"8":[0,1],"9":[1,0],"10":[0,1],"11":[0,1],"12":[1,0],"13":[0,1],"14":[0,1],"15":[1,0]},"_coverageSchema":"1a1c01bbd47fc00a2c39e90264f33305004495a9","hash":"489016dab8d2bafd459a30a7c36d2fe355c51f42"}
,"/Users/davin/Desktop/Programming/node/api_demo/routes/api/users.js": {"path":"/Users/davin/Desktop/Programming/node/api_demo/routes/api/users.js","statementMap":{"0":{"start":{"line":1,"column":17},"end":{"line":1,"column":36}},"1":{"start":{"line":2,"column":15},"end":{"line":2,"column":42}},"2":{"start":{"line":3,"column":13},"end":{"line":3,"column":31}},"3":{"start":{"line":4,"column":13},"end":{"line":4,"column":35}},"4":{"start":{"line":5,"column":13},"end":{"line":5,"column":35}},"5":{"start":{"line":8,"column":0},"end":{"line":18,"column":3}},"6":{"start":{"line":9,"column":2},"end":{"line":17,"column":17}},"7":{"start":{"line":11,"column":6},"end":{"line":11,"column":44}},"8":{"start":{"line":11,"column":17},"end":{"line":11,"column":44}},"9":{"start":{"line":13,"column":6},"end":{"line":13,"column":34}},"10":{"start":{"line":15,"column":6},"end":{"line":15,"column":20}},"11":{"start":{"line":21,"column":0},"end":{"line":46,"column":3}},"12":{"start":{"line":22,"column":18},"end":{"line":22,"column":33}},"13":{"start":{"line":24,"column":2},"end":{"line":45,"column":16}},"14":{"start":{"line":31,"column":6},"end":{"line":31,"column":65}},"15":{"start":{"line":31,"column":15},"end":{"line":31,"column":65}},"16":{"start":{"line":33,"column":6},"end":{"line":43,"column":8}},"17":{"start":{"line":40,"column":10},"end":{"line":40,"column":69}},"18":{"start":{"line":40,"column":19},"end":{"line":40,"column":69}},"19":{"start":{"line":41,"column":10},"end":{"line":41,"column":70}},"20":{"start":{"line":49,"column":0},"end":{"line":74,"column":3}},"21":{"start":{"line":50,"column":18},"end":{"line":50,"column":33}},"22":{"start":{"line":52,"column":2},"end":{"line":73,"column":16}},"23":{"start":{"line":59,"column":6},"end":{"line":59,"column":65}},"24":{"start":{"line":59,"column":15},"end":{"line":59,"column":65}},"25":{"start":{"line":61,"column":6},"end":{"line":71,"column":8}},"26":{"start":{"line":68,"column":10},"end":{"line":68,"column":69}},"27":{"start":{"line":68,"column":19},"end":{"line":68,"column":69}},"28":{"start":{"line":69,"column":10},"end":{"line":69,"column":70}},"29":{"start":{"line":77,"column":0},"end":{"line":93,"column":3}},"30":{"start":{"line":78,"column":18},"end":{"line":78,"column":33}},"31":{"start":{"line":80,"column":2},"end":{"line":92,"column":5}},"32":{"start":{"line":81,"column":4},"end":{"line":81,"column":42}},"33":{"start":{"line":81,"column":15},"end":{"line":81,"column":42}},"34":{"start":{"line":83,"column":4},"end":{"line":91,"column":19}},"35":{"start":{"line":87,"column":8},"end":{"line":89,"column":11}},"36":{"start":{"line":88,"column":37},"end":{"line":88,"column":50}},"37":{"start":{"line":95,"column":0},"end":{"line":95,"column":24}}},"fnMap":{"0":{"name":"(anonymous_0)","decl":{"start":{"line":8,"column":25},"end":{"line":8,"column":26}},"loc":{"start":{"line":8,"column":55},"end":{"line":18,"column":1}},"line":8},"1":{"name":"(anonymous_1)","decl":{"start":{"line":10,"column":10},"end":{"line":10,"column":11}},"loc":{"start":{"line":10,"column":20},"end":{"line":16,"column":5}},"line":10},"2":{"name":"(anonymous_2)","decl":{"start":{"line":21,"column":48},"end":{"line":21,"column":49}},"loc":{"start":{"line":21,"column":68},"end":{"line":46,"column":1}},"line":21},"3":{"name":"(anonymous_3)","decl":{"start":{"line":30,"column":4},"end":{"line":30,"column":5}},"loc":{"start":{"line":30,"column":13},"end":{"line":44,"column":5}},"line":30},"4":{"name":"(anonymous_4)","decl":{"start":{"line":39,"column":8},"end":{"line":39,"column":9}},"loc":{"start":{"line":39,"column":30},"end":{"line":42,"column":9}},"line":39},"5":{"name":"(anonymous_5)","decl":{"start":{"line":49,"column":52},"end":{"line":49,"column":53}},"loc":{"start":{"line":49,"column":72},"end":{"line":74,"column":1}},"line":49},"6":{"name":"(anonymous_6)","decl":{"start":{"line":58,"column":4},"end":{"line":58,"column":5}},"loc":{"start":{"line":58,"column":13},"end":{"line":72,"column":5}},"line":58},"7":{"name":"(anonymous_7)","decl":{"start":{"line":67,"column":8},"end":{"line":67,"column":9}},"loc":{"start":{"line":67,"column":30},"end":{"line":70,"column":9}},"line":67},"8":{"name":"(anonymous_8)","decl":{"start":{"line":77,"column":46},"end":{"line":77,"column":47}},"loc":{"start":{"line":77,"column":66},"end":{"line":93,"column":1}},"line":77},"9":{"name":"(anonymous_9)","decl":{"start":{"line":80,"column":32},"end":{"line":80,"column":33}},"loc":{"start":{"line":80,"column":42},"end":{"line":92,"column":3}},"line":80},"10":{"name":"(anonymous_10)","decl":{"start":{"line":86,"column":12},"end":{"line":86,"column":13}},"loc":{"start":{"line":86,"column":23},"end":{"line":90,"column":7}},"line":86},"11":{"name":"(anonymous_11)","decl":{"start":{"line":88,"column":27},"end":{"line":88,"column":28}},"loc":{"start":{"line":88,"column":37},"end":{"line":88,"column":50}},"line":88}},"branchMap":{"0":{"loc":{"start":{"line":11,"column":6},"end":{"line":11,"column":44}},"type":"if","locations":[{"start":{"line":11,"column":6},"end":{"line":11,"column":44}},{"start":{"line":11,"column":6},"end":{"line":11,"column":44}}],"line":11},"1":{"loc":{"start":{"line":31,"column":6},"end":{"line":31,"column":65}},"type":"if","locations":[{"start":{"line":31,"column":6},"end":{"line":31,"column":65}},{"start":{"line":31,"column":6},"end":{"line":31,"column":65}}],"line":31},"2":{"loc":{"start":{"line":40,"column":10},"end":{"line":40,"column":69}},"type":"if","locations":[{"start":{"line":40,"column":10},"end":{"line":40,"column":69}},{"start":{"line":40,"column":10},"end":{"line":40,"column":69}}],"line":40},"3":{"loc":{"start":{"line":59,"column":6},"end":{"line":59,"column":65}},"type":"if","locations":[{"start":{"line":59,"column":6},"end":{"line":59,"column":65}},{"start":{"line":59,"column":6},"end":{"line":59,"column":65}}],"line":59},"4":{"loc":{"start":{"line":68,"column":10},"end":{"line":68,"column":69}},"type":"if","locations":[{"start":{"line":68,"column":10},"end":{"line":68,"column":69}},{"start":{"line":68,"column":10},"end":{"line":68,"column":69}}],"line":68},"5":{"loc":{"start":{"line":81,"column":4},"end":{"line":81,"column":42}},"type":"if","locations":[{"start":{"line":81,"column":4},"end":{"line":81,"column":42}},{"start":{"line":81,"column":4},"end":{"line":81,"column":42}}],"line":81}},"s":{"0":3,"1":3,"2":3,"3":3,"4":3,"5":3,"6":3,"7":3,"8":0,"9":3,"10":3,"11":3,"12":1,"13":1,"14":1,"15":0,"16":1,"17":1,"18":0,"19":1,"20":3,"21":1,"22":1,"23":1,"24":0,"25":1,"26":1,"27":0,"28":1,"29":3,"30":1,"31":1,"32":1,"33":0,"34":1,"35":1,"36":0,"37":3},"f":{"0":3,"1":3,"2":1,"3":1,"4":1,"5":1,"6":1,"7":1,"8":1,"9":1,"10":1,"11":0},"b":{"0":[0,3],"1":[0,1],"2":[0,1],"3":[0,1],"4":[0,1],"5":[0,1]},"_coverageSchema":"1a1c01bbd47fc00a2c39e90264f33305004495a9","hash":"ecc41e073702031e2365ea05627f99ac05937a8a"}
,"/Users/davin/Desktop/Programming/node/api_demo/tests/db-handler.js": {"path":"/Users/davin/Desktop/Programming/node/api_demo/tests/db-handler.js","statementMap":{"0":{"start":{"line":1,"column":17},"end":{"line":1,"column":36}},"1":{"start":{"line":2,"column":30},"end":{"line":2,"column":62}},"2":{"start":{"line":4,"column":15},"end":{"line":4,"column":38}},"3":{"start":{"line":6,"column":0},"end":{"line":19,"column":2}},"4":{"start":{"line":7,"column":14},"end":{"line":7,"column":35}},"5":{"start":{"line":9,"column":23},"end":{"line":14,"column":3}},"6":{"start":{"line":16,"column":2},"end":{"line":18,"column":5}},"7":{"start":{"line":17,"column":4},"end":{"line":17,"column":30}},"8":{"start":{"line":17,"column":13},"end":{"line":17,"column":30}},"9":{"start":{"line":21,"column":0},"end":{"line":25,"column":2}},"10":{"start":{"line":22,"column":2},"end":{"line":22,"column":43}},"11":{"start":{"line":23,"column":2},"end":{"line":23,"column":36}},"12":{"start":{"line":24,"column":2},"end":{"line":24,"column":22}},"13":{"start":{"line":27,"column":0},"end":{"line":34,"column":2}},"14":{"start":{"line":28,"column":22},"end":{"line":28,"column":53}},"15":{"start":{"line":30,"column":2},"end":{"line":33,"column":3}},"16":{"start":{"line":31,"column":23},"end":{"line":31,"column":39}},"17":{"start":{"line":32,"column":4},"end":{"line":32,"column":34}}},"fnMap":{"0":{"name":"(anonymous_0)","decl":{"start":{"line":6,"column":25},"end":{"line":6,"column":26}},"loc":{"start":{"line":6,"column":37},"end":{"line":19,"column":1}},"line":6},"1":{"name":"(anonymous_1)","decl":{"start":{"line":16,"column":44},"end":{"line":16,"column":45}},"loc":{"start":{"line":16,"column":53},"end":{"line":18,"column":3}},"line":16},"2":{"name":"(anonymous_2)","decl":{"start":{"line":21,"column":31},"end":{"line":21,"column":32}},"loc":{"start":{"line":21,"column":43},"end":{"line":25,"column":1}},"line":21},"3":{"name":"(anonymous_3)","decl":{"start":{"line":27,"column":31},"end":{"line":27,"column":32}},"loc":{"start":{"line":27,"column":43},"end":{"line":34,"column":1}},"line":27}},"branchMap":{"0":{"loc":{"start":{"line":17,"column":4},"end":{"line":17,"column":30}},"type":"if","locations":[{"start":{"line":17,"column":4},"end":{"line":17,"column":30}},{"start":{"line":17,"column":4},"end":{"line":17,"column":30}}],"line":17}},"s":{"0":5,"1":5,"2":5,"3":5,"4":5,"5":5,"6":5,"7":5,"8":0,"9":5,"10":4,"11":4,"12":4,"13":5,"14":2,"15":2,"16":2,"17":2},"f":{"0":5,"1":5,"2":4,"3":2},"b":{"0":[0,5]},"_coverageSchema":"1a1c01bbd47fc00a2c39e90264f33305004495a9","hash":"da6df3f07d462205a28df837425d2199765715e0"}
,"/Users/davin/Desktop/Programming/node/api_demo/tests/views/app.js": {"path":"/Users/davin/Desktop/Programming/node/api_demo/tests/views/app.js","statementMap":{"0":{"start":{"line":1,"column":16},"end":{"line":1,"column":34}},"1":{"start":{"line":2,"column":13},"end":{"line":2,"column":28}},"2":{"start":{"line":3,"column":19},"end":{"line":3,"column":41}},"3":{"start":{"line":4,"column":16},"end":{"line":4,"column":42}},"4":{"start":{"line":5,"column":13},"end":{"line":5,"column":28}},"5":{"start":{"line":6,"column":21},"end":{"line":6,"column":44}},"6":{"start":{"line":9,"column":21},"end":{"line":9,"column":58}},"7":{"start":{"line":12,"column":12},"end":{"line":12,"column":21}},"8":{"start":{"line":15,"column":0},"end":{"line":15,"column":16}},"9":{"start":{"line":16,"column":0},"end":{"line":16,"column":34}},"10":{"start":{"line":17,"column":0},"end":{"line":17,"column":56}},"11":{"start":{"line":18,"column":0},"end":{"line":25,"column":2}},"12":{"start":{"line":26,"column":0},"end":{"line":26,"column":52}},"13":{"start":{"line":27,"column":0},"end":{"line":27,"column":27}},"14":{"start":{"line":29,"column":0},"end":{"line":31,"column":1}},"15":{"start":{"line":30,"column":2},"end":{"line":30,"column":26}},"16":{"start":{"line":34,"column":0},"end":{"line":34,"column":29}},"17":{"start":{"line":35,"column":0},"end":{"line":35,"column":29}},"18":{"start":{"line":36,"column":0},"end":{"line":36,"column":29}},"19":{"start":{"line":37,"column":0},"end":{"line":37,"column":32}},"20":{"start":{"line":38,"column":0},"end":{"line":38,"column":33}},"21":{"start":{"line":39,"column":0},"end":{"line":39,"column":33}},"22":{"start":{"line":42,"column":0},"end":{"line":53,"column":1}},"23":{"start":{"line":43,"column":2},"end":{"line":52,"column":5}},"24":{"start":{"line":44,"column":4},"end":{"line":44,"column":34}},"25":{"start":{"line":46,"column":4},"end":{"line":51,"column":7}},"26":{"start":{"line":56,"column":0},"end":{"line":65,"column":3}},"27":{"start":{"line":57,"column":2},"end":{"line":57,"column":32}},"28":{"start":{"line":59,"column":2},"end":{"line":64,"column":5}},"29":{"start":{"line":69,"column":0},"end":{"line":69,"column":21}}},"fnMap":{"0":{"name":"(anonymous_0)","decl":{"start":{"line":43,"column":10},"end":{"line":43,"column":11}},"loc":{"start":{"line":43,"column":29},"end":{"line":52,"column":3}},"line":43},"1":{"name":"(anonymous_1)","decl":{"start":{"line":56,"column":8},"end":{"line":56,"column":9}},"loc":{"start":{"line":56,"column":27},"end":{"line":65,"column":1}},"line":56}},"branchMap":{"0":{"loc":{"start":{"line":29,"column":0},"end":{"line":31,"column":1}},"type":"if","locations":[{"start":{"line":29,"column":0},"end":{"line":31,"column":1}},{"start":{"line":29,"column":0},"end":{"line":31,"column":1}}],"line":29},"1":{"loc":{"start":{"line":42,"column":0},"end":{"line":53,"column":1}},"type":"if","locations":[{"start":{"line":42,"column":0},"end":{"line":53,"column":1}},{"start":{"line":42,"column":0},"end":{"line":53,"column":1}}],"line":42},"2":{"loc":{"start":{"line":44,"column":15},"end":{"line":44,"column":32}},"type":"binary-expr","locations":[{"start":{"line":44,"column":15},"end":{"line":44,"column":25}},{"start":{"line":44,"column":29},"end":{"line":44,"column":32}}],"line":44},"3":{"loc":{"start":{"line":57,"column":13},"end":{"line":57,"column":30}},"type":"binary-expr","locations":[{"start":{"line":57,"column":13},"end":{"line":57,"column":23}},{"start":{"line":57,"column":27},"end":{"line":57,"column":30}}],"line":57}},"s":{"0":3,"1":3,"2":3,"3":3,"4":3,"5":3,"6":3,"7":3,"8":3,"9":3,"10":3,"11":3,"12":3,"13":3,"14":3,"15":3,"16":3,"17":3,"18":3,"19":3,"20":3,"21":3,"22":3,"23":3,"24":0,"25":0,"26":3,"27":0,"28":0,"29":3},"f":{"0":0,"1":0},"b":{"0":[3,0],"1":[3,0],"2":[0,0],"3":[0,0]},"_coverageSchema":"1a1c01bbd47fc00a2c39e90264f33305004495a9","hash":"185edd60c35c2e8df902e73251e4022fec70b187"}
}
