TN:
SF:config/passport.js
FN:13,(anonymous_0)
FN:15,(anonymous_1)
FNF:2
FNH:2
FNDA:4,(anonymous_0)
FNDA:4,(anonymous_1)
DA:1,3
DA:2,3
DA:3,3
DA:5,3
DA:7,3
DA:14,4
DA:16,4
DA:17,1
DA:22,3
LF:9
LH:9
BRDA:16,0,0,1
BRDA:16,0,1,3
BRDA:16,1,0,4
BRDA:16,1,1,4
BRF:4
BRH:4
end_of_record
TN:
SF:models/Comment.js
FN:22,(anonymous_0)
FNF:1
FNH:1
FNDA:1,(anonymous_0)
DA:1,4
DA:2,4
DA:4,4
DA:22,4
DA:23,1
DA:29,4
LF:6
LH:6
BRF:0
BRH:0
end_of_record
TN:
SF:models/Like.js
FNF:0
FNH:0
DA:1,4
DA:2,4
DA:4,4
DA:18,4
LF:4
LH:4
BRF:0
BRH:0
end_of_record
TN:
SF:models/Post.js
FN:43,(anonymous_0)
FN:50,(anonymous_1)
FN:57,(anonymous_2)
FNF:3
FNH:3
FNDA:9,(anonymous_0)
FNDA:4,(anonymous_1)
FNDA:8,(anonymous_2)
DA:1,4
DA:2,4
DA:3,4
DA:4,4
DA:6,4
DA:41,4
DA:43,4
DA:44,9
DA:45,4
DA:47,9
DA:50,4
DA:51,4
DA:57,4
DA:58,8
DA:70,4
LF:15
LH:15
BRDA:44,0,0,4
BRDA:44,0,1,5
BRF:2
BRH:2
end_of_record
TN:
SF:models/User.js
FN:32,(anonymous_0)
FN:39,(anonymous_1)
FN:46,(anonymous_2)
FN:61,(anonymous_3)
FN:69,(anonymous_4)
FNF:5
FNH:5
FNDA:6,(anonymous_0)
FNDA:4,(anonymous_1)
FNDA:7,(anonymous_2)
FNDA:4,(anonymous_3)
FNDA:13,(anonymous_4)
DA:1,5
DA:2,5
DA:3,5
DA:4,5
DA:5,5
DA:7,5
DA:30,5
DA:32,5
DA:33,6
DA:34,6
DA:39,5
DA:40,4
DA:43,4
DA:46,5
DA:47,7
DA:48,7
DA:49,7
DA:51,7
DA:61,5
DA:62,4
DA:69,5
DA:70,13
DA:78,5
LF:23
LH:23
BRF:0
BRH:0
end_of_record
TN:
SF:routes/auth.js
FN:3,(anonymous_0)
FNF:1
FNH:1
FNDA:20,(anonymous_0)
DA:1,3
DA:3,3
DA:6,20
DA:8,20
DA:9,10
DA:11,10
DA:14,3
DA:30,3
LF:8
LH:8
BRDA:8,0,0,10
BRDA:8,0,1,10
BRDA:8,1,0,20
BRDA:8,1,1,10
BRF:4
BRH:4
end_of_record
TN:
SF:routes/index.js
FNF:0
FNH:0
DA:1,3
DA:2,3
DA:4,3
DA:6,3
LF:4
LH:4
BRF:0
BRH:0
end_of_record
TN:
SF:routes/api/auth.js
FN:8,(anonymous_0)
FN:40,(anonymous_1)
FN:44,(anonymous_2)
FN:63,(anonymous_3)
FN:77,(anonymous_4)
FN:81,(anonymous_5)
FNF:6
FNH:4
FNDA:2,(anonymous_0)
FNDA:1,(anonymous_1)
FNDA:4,(anonymous_2)
FNDA:4,(anonymous_3)
FNDA:0,(anonymous_4)
FNDA:0,(anonymous_5)
DA:1,3
DA:2,3
DA:3,3
DA:4,3
DA:5,3
DA:8,3
DA:9,2
DA:11,2
DA:12,0
DA:19,2
DA:20,0
DA:27,2
DA:28,1
DA:35,1
DA:37,1
DA:39,1
DA:40,1
DA:44,3
DA:45,4
DA:47,4
DA:48,0
DA:55,4
DA:56,0
DA:63,4
DA:64,4
DA:65,0
DA:68,4
DA:69,3
DA:70,3
DA:72,1
DA:77,3
DA:78,0
DA:80,0
DA:82,0
DA:83,0
DA:86,0
DA:91,3
LF:37
LH:27
BRDA:11,0,0,0
BRDA:11,0,1,2
BRDA:19,1,0,0
BRDA:19,1,1,2
BRDA:27,2,0,1
BRDA:27,2,1,1
BRDA:47,3,0,0
BRDA:47,3,1,4
BRDA:55,4,0,0
BRDA:55,4,1,4
BRDA:64,5,0,0
BRDA:64,5,1,4
BRDA:68,6,0,3
BRDA:68,6,1,1
BRDA:82,7,0,0
BRDA:82,7,1,0
BRF:16
BRH:9
end_of_record
TN:
SF:routes/api/index.js
FNF:0
FNH:0
DA:1,3
DA:2,3
DA:4,3
DA:5,3
DA:6,3
DA:8,3
LF:6
LH:6
BRF:0
BRH:0
end_of_record
TN:
SF:routes/api/posts.js
FN:9,(anonymous_0)
FN:12,(anonymous_1)
FN:22,(anonymous_2)
FN:24,(anonymous_3)
FN:35,(anonymous_4)
FN:39,(anonymous_5)
FN:41,(anonymous_6)
FN:48,(anonymous_7)
FN:50,(anonymous_8)
FN:56,(anonymous_9)
FN:58,(anonymous_10)
FN:66,(anonymous_11)
FN:68,(anonymous_12)
FN:73,(anonymous_13)
FN:81,(anonymous_14)
FN:88,(anonymous_15)
FN:90,(anonymous_16)
FN:101,(anonymous_17)
FN:112,(anonymous_18)
FN:114,(anonymous_19)
FN:118,(anonymous_20)
FN:129,(anonymous_21)
FN:131,(anonymous_22)
FN:136,(anonymous_23)
FN:144,(anonymous_24)
FN:146,(anonymous_25)
FN:153,(anonymous_26)
FN:161,(anonymous_27)
FN:175,(anonymous_28)
FN:177,(anonymous_29)
FN:184,(anonymous_30)
FN:186,(anonymous_31)
FN:193,(anonymous_32)
FN:196,(anonymous_33)
FN:205,(anonymous_34)
FN:207,(anonymous_35)
FN:216,(anonymous_36)
FNF:37
FNH:36
FNDA:8,(anonymous_0)
FNDA:8,(anonymous_1)
FNDA:1,(anonymous_2)
FNDA:1,(anonymous_3)
FNDA:1,(anonymous_4)
FNDA:1,(anonymous_5)
FNDA:1,(anonymous_6)
FNDA:1,(anonymous_7)
FNDA:1,(anonymous_8)
FNDA:1,(anonymous_9)
FNDA:0,(anonymous_10)
FNDA:1,(anonymous_11)
FNDA:1,(anonymous_12)
FNDA:1,(anonymous_13)
FNDA:1,(anonymous_14)
FNDA:1,(anonymous_15)
FNDA:1,(anonymous_16)
FNDA:1,(anonymous_17)
FNDA:1,(anonymous_18)
FNDA:1,(anonymous_19)
FNDA:1,(anonymous_20)
FNDA:1,(anonymous_21)
FNDA:1,(anonymous_22)
FNDA:1,(anonymous_23)
FNDA:1,(anonymous_24)
FNDA:1,(anonymous_25)
FNDA:1,(anonymous_26)
FNDA:1,(anonymous_27)
FNDA:1,(anonymous_28)
FNDA:1,(anonymous_29)
FNDA:1,(anonymous_30)
FNDA:1,(anonymous_31)
FNDA:1,(anonymous_32)
FNDA:1,(anonymous_33)
FNDA:1,(anonymous_34)
FNDA:1,(anonymous_35)
FNDA:1,(anonymous_36)
DA:1,3
DA:2,3
DA:3,3
DA:4,3
DA:5,3
DA:6,3
DA:9,3
DA:10,8
DA:13,8
DA:14,8
DA:16,8
DA:22,3
DA:23,1
DA:25,1
DA:27,1
DA:29,1
DA:35,3
DA:36,1
DA:40,1
DA:41,1
DA:48,3
DA:49,1
DA:51,1
DA:53,1
DA:57,1
DA:58,0
DA:66,3
DA:67,1
DA:69,1
DA:71,1
DA:72,1
DA:73,1
DA:74,1
DA:81,3
DA:82,1
DA:88,3
DA:89,1
DA:91,1
DA:93,1
DA:94,1
DA:95,1
DA:97,1
DA:98,1
DA:101,1
DA:102,1
DA:105,0
DA:112,3
DA:113,1
DA:115,1
DA:117,1
DA:118,1
DA:119,1
DA:122,0
DA:129,3
DA:130,1
DA:132,1
DA:134,1
DA:136,1
DA:137,1
DA:144,3
DA:145,1
DA:147,1
DA:149,1
DA:150,1
DA:153,1
DA:154,1
DA:161,3
DA:162,1
DA:176,1
DA:177,1
DA:184,3
DA:185,1
DA:187,1
DA:189,1
DA:190,1
DA:191,1
DA:193,1
DA:194,1
DA:196,1
DA:197,1
DA:205,3
DA:206,1
DA:208,1
DA:210,1
DA:211,1
DA:213,1
DA:217,1
DA:220,0
DA:226,3
LF:89
LH:85
BRDA:13,0,0,0
BRDA:13,0,1,8
BRDA:25,1,0,0
BRDA:25,1,1,1
BRDA:51,2,0,0
BRDA:51,2,1,1
BRDA:69,3,0,0
BRDA:69,3,1,1
BRDA:91,4,0,0
BRDA:91,4,1,1
BRDA:93,5,0,1
BRDA:93,5,1,0
BRDA:94,6,0,1
BRDA:94,6,1,0
BRDA:97,7,0,1
BRDA:97,7,1,0
BRDA:115,8,0,0
BRDA:115,8,1,1
BRDA:117,9,0,1
BRDA:117,9,1,0
BRDA:132,10,0,0
BRDA:132,10,1,1
BRDA:147,11,0,0
BRDA:147,11,1,1
BRDA:149,12,0,1
BRDA:149,12,1,0
BRDA:187,13,0,0
BRDA:187,13,1,1
BRDA:208,14,0,0
BRDA:208,14,1,1
BRDA:210,15,0,1
BRDA:210,15,1,0
BRF:32
BRH:16
end_of_record
TN:
SF:routes/api/users.js
FN:8,(anonymous_0)
FN:10,(anonymous_1)
FN:21,(anonymous_2)
FN:30,(anonymous_3)
FN:39,(anonymous_4)
FN:49,(anonymous_5)
FN:58,(anonymous_6)
FN:67,(anonymous_7)
FN:77,(anonymous_8)
FN:80,(anonymous_9)
FN:86,(anonymous_10)
FN:88,(anonymous_11)
FNF:12
FNH:11
FNDA:3,(anonymous_0)
FNDA:3,(anonymous_1)
FNDA:1,(anonymous_2)
FNDA:1,(anonymous_3)
FNDA:1,(anonymous_4)
FNDA:1,(anonymous_5)
FNDA:1,(anonymous_6)
FNDA:1,(anonymous_7)
FNDA:1,(anonymous_8)
FNDA:1,(anonymous_9)
FNDA:1,(anonymous_10)
FNDA:0,(anonymous_11)
DA:1,3
DA:2,3
DA:3,3
DA:4,3
DA:5,3
DA:8,3
DA:9,3
DA:11,3
DA:13,3
DA:15,3
DA:21,3
DA:22,1
DA:24,1
DA:31,1
DA:33,1
DA:40,1
DA:41,1
DA:49,3
DA:50,1
DA:52,1
DA:59,1
DA:61,1
DA:68,1
DA:69,1
DA:77,3
DA:78,1
DA:80,1
DA:81,1
DA:83,1
DA:87,1
DA:88,0
DA:95,3
LF:32
LH:31
BRDA:11,0,0,0
BRDA:11,0,1,3
BRDA:31,1,0,0
BRDA:31,1,1,1
BRDA:40,2,0,0
BRDA:40,2,1,1
BRDA:59,3,0,0
BRDA:59,3,1,1
BRDA:68,4,0,0
BRDA:68,4,1,1
BRDA:81,5,0,0
BRDA:81,5,1,1
BRF:12
BRH:6
end_of_record
TN:
SF:tests/db-handler.js
FN:6,(anonymous_0)
FN:16,(anonymous_1)
FN:21,(anonymous_2)
FN:27,(anonymous_3)
FNF:4
FNH:4
FNDA:5,(anonymous_0)
FNDA:5,(anonymous_1)
FNDA:4,(anonymous_2)
FNDA:2,(anonymous_3)
DA:1,5
DA:2,5
DA:4,5
DA:6,5
DA:7,5
DA:9,5
DA:16,5
DA:17,5
DA:21,5
DA:22,4
DA:23,4
DA:24,4
DA:27,5
DA:28,2
DA:30,2
DA:31,2
DA:32,2
LF:17
LH:17
BRDA:17,0,0,0
BRDA:17,0,1,5
BRF:2
BRH:1
end_of_record
TN:
SF:tests/views/app.js
FN:43,(anonymous_0)
FN:56,(anonymous_1)
FNF:2
FNH:0
FNDA:0,(anonymous_0)
FNDA:0,(anonymous_1)
DA:1,3
DA:2,3
DA:3,3
DA:4,3
DA:5,3
DA:6,3
DA:9,3
DA:12,3
DA:15,3
DA:16,3
DA:17,3
DA:18,3
DA:26,3
DA:27,3
DA:29,3
DA:30,3
DA:34,3
DA:35,3
DA:36,3
DA:37,3
DA:38,3
DA:39,3
DA:42,3
DA:43,3
DA:44,0
DA:46,0
DA:56,3
DA:57,0
DA:59,0
DA:69,3
LF:30
LH:26
BRDA:29,0,0,3
BRDA:29,0,1,0
BRDA:42,1,0,3
BRDA:42,1,1,0
BRDA:44,2,0,0
BRDA:44,2,1,0
BRDA:57,3,0,0
BRDA:57,3,1,0
BRF:8
BRH:2
end_of_record
